Base path: C:/Program Files/Unity/Editor/Data
Pipe name: \\.\pipe\UnityShaderCompiler-64bit-1-7876
Cmd: getPlatforms
Cmd: compileSnippet
  api=0 type=0 insize=1592 outsize=1552 kw= ok=1
Cmd: compileSnippet
  api=0 type=1 insize=1592 outsize=6 kw= ok=1
Cmd: compileSnippet
  api=0 type=0 insize=1135 outsize=806 kw= ok=1
Cmd: compileSnippet
  api=0 type=1 insize=1135 outsize=6 kw= ok=1
Cmd: compileSnippet
  api=0 type=0 insize=1316 outsize=1246 kw= ok=1
Cmd: compileSnippet
  api=0 type=1 insize=1316 outsize=6 kw= ok=1
Cmd: compileSnippet
  api=0 type=0 insize=2189 outsize=698 kw= ok=1
Cmd: compileSnippet
  api=0 type=1 insize=2189 outsize=6 kw= ok=1
Cmd: compileSnippet
  api=0 type=0 insize=2189 outsize=730 kw= ok=1
Cmd: compileSnippet
  api=0 type=1 insize=2189 outsize=6 kw= ok=1
Cmd: compileSnippet
  api=0 type=0 insize=2193 outsize=698 kw= ok=1
Cmd: compileSnippet
  api=0 type=1 insize=2193 outsize=6 kw= ok=1
Cmd: compileSnippet
  api=0 type=0 insize=2192 outsize=1127 kw= ok=1
Cmd: compileSnippet
  api=0 type=1 insize=2192 outsize=6 kw= ok=1
Cmd: compileSnippet
  api=0 type=0 insize=2195 outsize=715 kw= ok=1
Cmd: compileSnippet
  api=0 type=1 insize=2195 outsize=6 kw= ok=1
Cmd: compileSnippet
  api=0 type=0 insize=724 outsize=551 kw= ok=1
Cmd: compileSnippet
  api=0 type=1 insize=724 outsize=6 kw= ok=1
Cmd: compileSnippet
  api=0 type=0 insize=657 outsize=889 kw= ok=1
Cmd: compileSnippet
  api=0 type=1 insize=657 outsize=6 kw= ok=1
Cmd: compileSnippet
  api=0 type=0 insize=1298 outsize=1095 kw= ok=1
Cmd: compileSnippet
  api=0 type=1 insize=1298 outsize=6 kw= ok=1
Cmd: compileSnippet
  api=0 type=0 insize=859 outsize=491 kw= ok=1
Cmd: compileSnippet
  api=0 type=1 insize=859 outsize=6 kw= ok=1
Cmd: compileSnippet
  api=0 type=0 insize=814 outsize=390 kw= ok=1
Cmd: compileSnippet
  api=0 type=1 insize=814 outsize=6 kw= ok=1
Cmd: compileSnippet
  api=5 type=0 insize=1592 outsize=1819 kw= ok=1
Cmd: compileSnippet
  api=5 type=1 insize=1592 outsize=6 kw= ok=1
Cmd: compileSnippet
  api=5 type=0 insize=1135 outsize=1346 kw= ok=1
Cmd: compileSnippet
  api=5 type=1 insize=1135 outsize=6 kw= ok=1
Cmd: compileSnippet
  api=5 type=0 insize=1316 outsize=1508 kw= ok=1
Cmd: compileSnippet
  api=5 type=1 insize=1316 outsize=6 kw= ok=1
Cmd: compileSnippet
  api=5 type=0 insize=2189 outsize=1081 kw= ok=1
Cmd: compileSnippet
  api=5 type=1 insize=2189 outsize=6 kw= ok=1
Cmd: compileSnippet
  api=5 type=0 insize=2189 outsize=1113 kw= ok=1
Cmd: compileSnippet
  api=5 type=1 insize=2189 outsize=6 kw= ok=1
Cmd: compileSnippet
  api=5 type=0 insize=2193 outsize=1081 kw= ok=1
Cmd: compileSnippet
  api=5 type=1 insize=2193 outsize=6 kw= ok=1
Cmd: compileSnippet
  api=5 type=0 insize=2192 outsize=1596 kw= ok=1
Cmd: compileSnippet
  api=5 type=1 insize=2192 outsize=6 kw= ok=1
Cmd: compileSnippet
  api=5 type=0 insize=2195 outsize=1094 kw= ok=1
Cmd: compileSnippet
  api=5 type=1 insize=2195 outsize=6 kw= ok=1
Cmd: compileSnippet
  api=5 type=0 insize=724 outsize=678 kw= ok=1
Cmd: compileSnippet
  api=5 type=1 insize=724 outsize=6 kw= ok=1
Cmd: compileSnippet
  api=5 type=0 insize=657 outsize=1001 kw= ok=1
Cmd: compileSnippet
  api=5 type=1 insize=657 outsize=6 kw= ok=1
Cmd: compileSnippet
  api=5 type=0 insize=1298 outsize=1671 kw= ok=1
Cmd: compileSnippet
  api=5 type=1 insize=1298 outsize=6 kw= ok=1
Cmd: compileSnippet
  api=5 type=0 insize=859 outsize=715 kw= ok=1
Cmd: compileSnippet
  api=5 type=1 insize=859 outsize=6 kw= ok=1
Cmd: compileSnippet
  api=5 type=0 insize=814 outsize=602 kw= ok=1
Cmd: compileSnippet
  api=5 type=1 insize=814 outsize=6 kw= ok=1
Cmd: compileSnippet
  api=8 type=1 insize=1592 outsize=3063 kw= ok=1
Cmd: compileSnippet
  api=8 type=1 insize=814 outsize=837 kw= ok=1
