Base path: C:/Program Files/Unity/Editor/Data
Pipe name: \\.\pipe\UnityShaderCompiler-64bit-3-3764
Cmd: getPlatforms
Cmd: compileSnippet
  api=9 type=1 insize=1647 outsize=7 kw= ok=1
Cmd: compileSnippet
  api=9 type=1 insize=2269 outsize=7 kw= ok=1
Cmd: compileSnippet
  api=9 type=0 insize=2273 outsize=1119 kw= ok=1
Cmd: compileSnippet
  api=9 type=0 insize=2275 outsize=1132 kw= ok=1
Cmd: compileSnippet
  api=9 type=1 insize=745 outsize=7 kw= ok=1
Cmd: compileSnippet
  api=9 type=0 insize=1345 outsize=1681 kw= ok=1
Cmd: compileSnippet
  api=9 type=1 insize=892 outsize=7 kw= ok=1
Cmd: compileSnippet
  api=9 type=0 insize=541 outsize=673 kw=SHADOWS_CUBE ok=1
Cmd: compileSnippet
  api=9 type=1 insize=541 outsize=7 kw=SHADOWS_DEPTH ok=1
Cmd: compileSnippet
  api=9 type=0 insize=6810 outsize=3317 kw=DIRECTIONAL SHADOWS_OFF LIGHTMAP_OFF DIRLIGHTMAP_OFF DYNAMICLIGHTMAP_OFF ok=1
Cmd: compileSnippet
  api=9 type=1 insize=6810 outsize=7 kw=DIRECTIONAL SHADOWS_OFF LIGHTMAP_OFF DIRLIGHTMAP_OFF DYNAMICLIGHTMAP_OFF ok=1
Cmd: compileSnippet
  api=9 type=0 insize=3647 outsize=3258 kw=SPOT ok=1
Cmd: compileSnippet
  api=9 type=1 insize=3647 outsize=7 kw=POINT ok=1
Cmd: compileSnippet
  api=9 type=0 insize=2805 outsize=1367 kw= ok=1
Cmd: compileSnippet
  api=9 type=0 insize=5974 outsize=3475 kw=LIGHTMAP_OFF DIRLIGHTMAP_OFF DYNAMICLIGHTMAP_OFF HDR_LIGHT_PREPASS_OFF ok=1
Cmd: compileSnippet
  api=9 type=0 insize=5928 outsize=3377 kw=LIGHTMAP_OFF DIRLIGHTMAP_OFF DYNAMICLIGHTMAP_OFF UNITY_HDR_ON ok=1
Cmd: compileSnippet
  api=9 type=1 insize=5928 outsize=7 kw=LIGHTMAP_OFF DIRLIGHTMAP_OFF DYNAMICLIGHTMAP_OFF HDR_LIGHT_PREPASS_OFF ok=1
Cmd: compileSnippet
  api=9 type=0 insize=1275 outsize=3458 kw=DIRECTIONAL SHADOWS_OFF ok=1
Cmd: compileSnippet
  api=9 type=0 insize=1275 outsize=5024 kw=SPOT SHADOWS_DEPTH SHADOWS_NATIVE ok=1
Cmd: compileSnippet
  api=9 type=0 insize=1275 outsize=3938 kw=DIRECTIONAL SHADOWS_SCREEN SHADOWS_NATIVE ok=1
Cmd: compileSnippet
  api=9 type=0 insize=1275 outsize=4225 kw=DIRECTIONAL_COOKIE SHADOWS_SCREEN SHADOWS_NATIVE ok=1
Cmd: compileSnippet
  api=9 type=1 insize=1275 outsize=7 kw=SPOT SHADOWS_OFF ok=1
Cmd: compileSnippet
  api=9 type=1 insize=1275 outsize=7 kw=POINT_COOKIE SHADOWS_CUBE ok=1
Cmd: compileSnippet
  api=9 type=1 insize=1275 outsize=7 kw=DIRECTIONAL SHADOWS_SCREEN SHADOWS_NATIVE ok=1
Cmd: compileSnippet
  api=9 type=0 insize=1268 outsize=4155 kw=SPOT SHADOWS_OFF ok=1
Cmd: compileSnippet
  api=9 type=0 insize=1268 outsize=3741 kw=DIRECTIONAL_COOKIE SHADOWS_OFF ok=1
Cmd: compileSnippet
  api=9 type=0 insize=1268 outsize=5857 kw=SPOT SHADOWS_DEPTH SHADOWS_SOFT SHADOWS_NATIVE ok=1
Cmd: compileSnippet
  api=9 type=0 insize=1268 outsize=4165 kw=DIRECTIONAL_COOKIE SHADOWS_SCREEN SHADOWS_NATIVE ok=1
Cmd: compileSnippet
  api=9 type=1 insize=1268 outsize=7 kw=POINT SHADOWS_OFF ok=1
Cmd: compileSnippet
  api=9 type=1 insize=1268 outsize=7 kw=POINT_COOKIE SHADOWS_OFF ok=1
Cmd: compileSnippet
  api=9 type=1 insize=1268 outsize=7 kw=SPOT SHADOWS_DEPTH SHADOWS_SOFT SHADOWS_NATIVE ok=1
Cmd: compileSnippet
  api=9 type=1 insize=1268 outsize=7 kw=DIRECTIONAL_COOKIE SHADOWS_SCREEN SHADOWS_NATIVE ok=1
Cmd: compileSnippet
  api=9 type=0 insize=1273 outsize=3746 kw=POINT SHADOWS_OFF ok=1
Cmd: compileSnippet
  api=9 type=0 insize=1273 outsize=4969 kw=SPOT SHADOWS_DEPTH SHADOWS_NATIVE ok=1
Cmd: compileSnippet
  api=9 type=0 insize=1273 outsize=5588 kw=POINT SHADOWS_CUBE SHADOWS_SOFT ok=1
Cmd: compileSnippet
  api=9 type=1 insize=1273 outsize=7 kw=DIRECTIONAL SHADOWS_OFF ok=1
Cmd: compileSnippet
  api=9 type=1 insize=1273 outsize=7 kw=DIRECTIONAL_COOKIE SHADOWS_OFF ok=1
Cmd: compileSnippet
  api=9 type=1 insize=1273 outsize=7 kw=SPOT SHADOWS_DEPTH SHADOWS_SOFT SHADOWS_NATIVE ok=1
Cmd: compileSnippet
  api=9 type=1 insize=1273 outsize=7 kw=DIRECTIONAL SHADOWS_SCREEN SHADOWS_NATIVE ok=1
Cmd: compileSnippet
  api=9 type=0 insize=1934 outsize=3541 kw=DIRECTIONAL SHADOWS_OFF ok=1
Cmd: compileSnippet
  api=9 type=0 insize=1934 outsize=3927 kw=DIRECTIONAL_COOKIE SHADOWS_OFF ok=1
Cmd: compileSnippet
  api=9 type=0 insize=1934 outsize=6216 kw=SPOT SHADOWS_DEPTH SHADOWS_SOFT SHADOWS_NATIVE ok=1
Cmd: compileSnippet
  api=9 type=0 insize=1934 outsize=4474 kw=DIRECTIONAL_COOKIE SHADOWS_SCREEN SHADOWS_NATIVE ok=1
Cmd: compileSnippet
  api=9 type=0 insize=1934 outsize=4187 kw=POINT_COOKIE SHADOWS_OFF UNITY_HDR_ON ok=1
Cmd: compileSnippet
  api=9 type=0 insize=1934 outsize=4654 kw=POINT_COOKIE SHADOWS_CUBE UNITY_HDR_ON ok=1
Cmd: compileSnippet
  api=9 type=0 insize=1934 outsize=4128 kw=DIRECTIONAL SHADOWS_SCREEN SHADOWS_NATIVE UNITY_HDR_ON ok=1
Cmd: compileSnippet
  api=9 type=1 insize=1934 outsize=7 kw=POINT SHADOWS_OFF ok=1
Cmd: compileSnippet
  api=9 type=1 insize=1934 outsize=7 kw=SPOT SHADOWS_DEPTH SHADOWS_SOFT SHADOWS_NATIVE ok=1
Cmd: compileSnippet
  api=9 type=1 insize=1934 outsize=7 kw=SPOT SHADOWS_OFF UNITY_HDR_ON ok=1
Cmd: compileSnippet
  api=9 type=1 insize=1934 outsize=7 kw=DIRECTIONAL_COOKIE SHADOWS_OFF UNITY_HDR_ON ok=1
Cmd: compileSnippet
  api=9 type=1 insize=1934 outsize=7 kw=DIRECTIONAL SHADOWS_SCREEN SHADOWS_NATIVE UNITY_HDR_ON ok=1
Cmd: compileSnippet
  api=9 type=1 insize=683 outsize=7 kw= ok=1
Cmd: compileSnippet
  api=9 type=0 insize=1089 outsize=862 kw= ok=1
Cmd: compileSnippet
  api=9 type=1 insize=6481 outsize=7 kw= ok=1
Cmd: compileSnippet
  api=9 type=1 insize=723 outsize=7 kw= ok=1
Cmd: compileSnippet
  api=9 type=1 insize=1079 outsize=7 kw= ok=1
