Base path: C:/Program Files/Unity/Editor/Data
Pipe name: \\.\pipe\UnityShaderCompiler-64bit-2-4812
Cmd: getPlatforms
Cmd: compileSnippet
  api=1 type=0 insize=1592 outsize=187 kw= ok=1
Cmd: compileSnippet
  api=1 type=1 insize=1592 outsize=650 kw= ok=1
Cmd: compileSnippet
  api=1 type=0 insize=1135 outsize=258 kw= ok=1
Cmd: compileSnippet
  api=1 type=0 insize=2189 outsize=305 kw= ok=1
Cmd: compileSnippet
  api=1 type=0 insize=2192 outsize=305 kw= ok=1
Cmd: compileSnippet
  api=1 type=0 insize=724 outsize=131 kw= ok=1
Cmd: compileSnippet
  api=1 type=0 insize=1298 outsize=291 kw= ok=1
Cmd: compileSnippet
  api=1 type=0 insize=859 outsize=144 kw= ok=1
Cmd: compileSnippet
  api=9 type=0 insize=1592 outsize=1846 kw= ok=1
Cmd: compileSnippet
  api=9 type=0 insize=1316 outsize=1535 kw= ok=1
Cmd: compileSnippet
  api=9 type=0 insize=2189 outsize=1119 kw= ok=1
Cmd: compileSnippet
  api=9 type=0 insize=2189 outsize=1151 kw= ok=1
Cmd: compileSnippet
  api=9 type=0 insize=2193 outsize=1119 kw= ok=1
Cmd: compileSnippet
  api=9 type=0 insize=2192 outsize=1634 kw= ok=1
Cmd: compileSnippet
  api=9 type=0 insize=2195 outsize=1132 kw= ok=1
Cmd: compileSnippet
  api=9 type=1 insize=814 outsize=7 kw= ok=1
Cmd: compileSnippet
  api=8 type=0 insize=1592 outsize=1902 kw= ok=1
Cmd: compileSnippet
  api=8 type=1 insize=1135 outsize=2292 kw= ok=1
Cmd: compileSnippet
  api=8 type=0 insize=2189 outsize=2186 kw= ok=1
Cmd: compileSnippet
  api=8 type=0 insize=2189 outsize=2186 kw= ok=1
Cmd: compileSnippet
  api=8 type=0 insize=2193 outsize=2186 kw= ok=1
Cmd: compileSnippet
  api=8 type=1 insize=2193 outsize=1390 kw= ok=1
Cmd: compileSnippet
  api=8 type=1 insize=657 outsize=1544 kw= ok=1
Cmd: compileSnippet
  api=8 type=0 insize=1298 outsize=2275 kw= ok=1
Cmd: compileSnippet
  api=8 type=0 insize=859 outsize=1560 kw= ok=1
Unhandled exception: Readfile from pipe failed. GLE=Le canal de communication a été fermé.


Quitting shader compiler process

Crashed!
